2026-07-16 18:47:01 INFO  org.hibernate.validator.internal.util.Version - HV000001: Hibernate Validator 8.0.3.Final
2026-07-16 18:47:01 INFO  com.RouteSphere.REST.RestApplication - Starting RestApplication using Java 25.0.2 with PID 11440 (C:\Users\Lenovo\Downloads\RouteSphere_testing\RouteSphere-main\target\classes started by Lenovo in C:\Users\Lenovo\Downloads\RouteSphere_testing\RouteSphere-main)
2026-07-16 18:47:01 DEBUG com.RouteSphere.REST.RestApplication - Running with Spring Boot v3.5.6, Spring v6.2.11
2026-07-16 18:47:01 INFO  com.RouteSphere.REST.RestApplication - No active profile set, falling back to 1 default profile: "default"
2026-07-16 18:47:02 INFO  org.springframework.data.repository.config.RepositoryConfigurationDelegate - Bootstrapping Spring Data JPA repositories in DEFAULT mode.
2026-07-16 18:47:02 INFO  org.springframework.data.repository.config.RepositoryConfigurationDelegate - Finished Spring Data repository scanning in 135 ms. Found 9 JPA repository interfaces.
2026-07-16 18:47:03 INFO  org.springframework.boot.web.embedded.tomcat.TomcatWebServer - Tomcat initialized with port 8080 (http)
2026-07-16 18:47:03 INFO  org.apache.coyote.http11.Http11NioProtocol - Initializing ProtocolHandler ["http-nio-8080"]
2026-07-16 18:47:03 INFO  org.apache.catalina.core.StandardService - Starting service [Tomcat]
2026-07-16 18:47:03 INFO  org.apache.catalina.core.StandardEngine - Starting Servlet engine: [Apache Tomcat/10.1.46]
2026-07-16 18:47:03 INFO  org.apache.catalina.core.ContainerBase.[Tomcat].[localhost].[/] - Initializing Spring embedded WebApplicationContext
2026-07-16 18:47:03 INFO  org.springframework.boot.web.servlet.context.ServletWebServerApplicationContext - Root WebApplicationContext: initialization completed in 1920 ms
2026-07-16 18:47:03 INFO  org.hibernate.jpa.internal.util.LogHelper - HHH000204: Processing PersistenceUnitInfo [name: default]
2026-07-16 18:47:03 INFO  org.hibernate.Version - HHH000412: Hibernate ORM core version 6.6.29.Final
2026-07-16 18:47:03 INFO  org.hibernate.cache.internal.RegionFactoryInitiator - HHH000026: Second-level cache disabled
2026-07-16 18:47:03 INFO  org.springframework.orm.jpa.persistenceunit.SpringPersistenceUnitInfo - No LoadTimeWeaver setup: ignoring JPA class transformer
2026-07-16 18:47:03 INFO  com.zaxxer.hikari.HikariDataSource - HikariPool-1 - Starting...
2026-07-16 18:47:03 INFO  com.zaxxer.hikari.pool.HikariPool - HikariPool-1 - Added connection org.postgresql.jdbc.PgConnection@1b1ea1d9
2026-07-16 18:47:03 INFO  com.zaxxer.hikari.HikariDataSource - HikariPool-1 - Start completed.
2026-07-16 18:47:03 INFO  org.hibernate.orm.connections.pooling - HHH10001005: Database info:
	Database JDBC URL [Connecting through datasource 'HikariDataSource (HikariPool-1)']
	Database driver: undefined/unknown
	Database version: 18.4
	Autocommit mode: undefined/unknown
	Isolation level: undefined/unknown
	Minimum pool size: undefined/unknown
	Maximum pool size: undefined/unknown
2026-07-16 18:47:05 INFO  org.hibernate.engine.transaction.jta.platform.internal.JtaPlatformInitiator - HHH000489: No JTA platform available (set 'hibernate.transaction.jta.platform' to enable JTA platform integration)
2026-07-16 18:47:05 INFO  org.springframework.orm.jpa.LocalContainerEntityManagerFactoryBean - Initialized JPA EntityManagerFactory for persistence unit 'default'
2026-07-16 18:47:06 DEBUG com.RouteSphere.REST.security.JwtFilter - Filter 'jwtFilter' configured for use
2026-07-16 18:47:06 WARN  org.springframework.boot.autoconfigure.orm.jpa.JpaBaseConfiguration$JpaWebConfiguration - spring.jpa.open-in-view is enabled by default. Therefore, database queries may be performed during view rendering. Explicitly configure spring.jpa.open-in-view to disable this warning
2026-07-16 18:47:06 INFO  org.springframework.security.config.annotation.authentication.configuration.InitializeUserDetailsBeanManagerConfigurer$InitializeUserDetailsManagerConfigurer - Global AuthenticationManager configured with UserDetailsService bean with name userCustomDetailsService
2026-07-16 18:47:07 INFO  org.apache.coyote.http11.Http11NioProtocol - Starting ProtocolHandler ["http-nio-8080"]
2026-07-16 18:47:07 INFO  org.springframework.boot.web.embedded.tomcat.TomcatWebServer - Tomcat started on port 8080 (http) with context path '/'
2026-07-16 18:47:07 INFO  com.RouteSphere.REST.RestApplication - Started RestApplication in 7.019 seconds (process running for 7.694)
